<?xml version="1.0" encoding="UTF-8"?>
<testsuite xmlns:xsi="http://www.w3.org/2001/XMLSchema-instance" xsi:schemaLocation="https://maven.apache.org/surefire/maven-surefire-plugin/xsd/surefire-test-report.xsd" name="academy.reyngardt.CsvDataReaderTest" time="0" tests="2" errors="0" skipped="0" failures="0">
  <properties>
[...]
</properties>
  <testcase name="csvDataReaderReadCorrectTest" classname="academy.reyngardt.CsvDataReaderTest" time="0"/>
  <testcase name="csvDataReaderReadToListTest" classname="academy.reyngardt.CsvDataReaderTest" time="0"/>
</testsuite>